<?xml version="1.0" encoding="UTF-8"?>
<!-- Generated by org.testng.reporters.JUnitReportReporter -->
<testsuite hostname="DESKTOP-EL7B5FJ" failures="0" tests="2" name="neoStoxTestClass.ValidateUserNameUsingProperityFile" time="29.845" errors="0" timestamp="2023-02-10T14:15:13 IST" skipped="0">
  <testcase classname="neoStoxTestClass.ValidateUserNameUsingProperityFile" name="validateUserName" time="19.536"/>
  <system-out>
    <![CDATA[UserName on WebPortal is Hi Yogendra Joshi
UserName is matching
TC Passed Name isvalidateUserName]]>
  </system-out>
  <testcase classname="neoStoxTestClass.ValidateUserNameUsingProperityFile" name="validateAcBal" time="10.309"/>
  <system-out>
    <![CDATA[Ac Balance isRs.5,00,000.00
TC Passed Name isvalidateAcBal]]>
  </system-out>
</testsuite> <!-- neoStoxTestClass.ValidateUserNameUsingProperityFile -->
